TN:
SF:src/Cpf.ts
FN:4,(anonymous_0)
FN:10,(anonymous_1)
FN:14,(anonymous_2)
FN:15,(anonymous_3)
FN:18,(anonymous_4)
FN:22,(anonymous_5)
FN:31,(anonymous_6)
FNF:7
FNH:7
FNDA:4,(anonymous_0)
FNDA:4,(anonymous_1)
FNDA:4,(anonymous_2)
FNDA:8,(anonymous_3)
FNDA:4,(anonymous_4)
FNDA:8,(anonymous_5)
FNDA:4,(anonymous_6)
DA:1,1
DA:5,4
DA:6,1
DA:8,3
DA:11,4
DA:15,8
DA:19,4
DA:23,8
DA:24,8
DA:25,88
DA:27,8
DA:28,8
DA:32,4
DA:33,4
DA:34,4
DA:35,4
DA:36,4
DA:37,4
DA:38,4
DA:39,4
LF:20
LH:20
BRDA:5,0,0,1
BRDA:25,1,0,76
BRDA:28,2,0,1
BRDA:28,2,1,7
BRDA:33,3,0,0
BRDA:34,4,0,0
BRF:6
BRH:4
end_of_record
TN:
SF:src/Item.ts
FN:2,(anonymous_0)
FN:6,(anonymous_1)
FNF:2
FNH:2
FNDA:4,(anonymous_0)
FNDA:3,(anonymous_1)
DA:1,1
DA:2,4
DA:3,4
DA:7,3
LF:4
LH:4
BRDA:3,0,0,0
BRF:1
BRH:0
end_of_record
TN:
SF:src/Order.ts
FN:8,(anonymous_1)
FN:13,(anonymous_2)
FN:21,(anonymous_3)
FN:22,(anonymous_4)
FNF:4
FNH:4
FNDA:4,(anonymous_1)
FNDA:2,(anonymous_2)
FNDA:5,(anonymous_3)
FNDA:4,(anonymous_4)
DA:1,1
DA:2,1
DA:5,1
DA:8,4
DA:9,4
DA:10,3
DA:14,2
DA:15,2
DA:16,3
DA:18,2
DA:22,5
DA:23,4
LF:12
LH:12
BRDA:22,0,0,1
BRF:1
BRH:1
end_of_record
TN:
SF:src/Product.ts
FN:3,(anonymous_0)
FN:14,(anonymous_1)
FN:18,(anonymous_2)
FNF:3
FNH:1
FNDA:5,(anonymous_0)
FNDA:0,(anonymous_1)
FNDA:0,(anonymous_2)
DA:1,1
DA:4,5
DA:5,5
DA:6,5
DA:7,5
DA:8,5
DA:9,5
DA:10,5
DA:15,0
DA:19,0
LF:10
LH:8
BRF:0
BRH:0
end_of_record
