TN:
SF:src/Checkout.ts
FN:11,(anonymous_8)
FN:17,(anonymous_9)
FN:29,(anonymous_11)
FNF:3
FNH:3
FNDA:15,(anonymous_8)
FNDA:13,(anonymous_9)
FNDA:71,(anonymous_11)
DA:2,1
DA:4,1
DA:5,1
DA:7,1
DA:8,1
DA:10,1
DA:12,15
DA:13,15
DA:14,15
DA:18,13
DA:19,12
DA:25,12
DA:26,26
DA:27,26
DA:28,26
DA:29,71
DA:30,24
DA:31,23
DA:32,23
DA:33,3
DA:34,3
DA:37,23
DA:39,9
DA:40,9
DA:41,9
DA:42,2
DA:43,2
DA:44,1
DA:46,9
DA:47,9
DA:48,9
DA:49,9
DA:57,9
DA:58,9
LF:34
LH:34
BRDA:12,0,0,2
BRDA:13,1,0,2
BRDA:14,2,0,14
BRDA:18,3,0,1
BRDA:27,4,0,0
BRDA:27,5,0,26
BRDA:27,5,1,26
BRDA:27,5,2,26
BRDA:28,6,0,1
BRDA:29,7,0,1
BRDA:30,8,0,1
BRDA:32,9,0,3
BRDA:32,10,0,23
BRDA:32,10,1,3
BRDA:40,11,0,2
BRDA:40,11,1,7
BRDA:40,12,0,9
BRDA:40,12,1,9
BRDA:41,13,0,2
BRDA:43,14,0,1
BRDA:43,15,0,2
BRDA:43,15,1,2
BRF:22
BRH:21
end_of_record
TN:
SF:src/CouponRepositoryDatabase.ts
FN:6,(anonymous_7)
FNF:1
FNH:1
FNDA:2,(anonymous_7)
DA:1,2
DA:3,2
DA:5,2
DA:7,2
LF:4
LH:4
BRF:0
BRH:0
end_of_record
TN:
SF:src/FreightCalculator.ts
FN:4,(anonymous_0)
FNF:1
FNH:1
FNDA:8,(anonymous_0)
DA:3,3
DA:5,8
DA:6,8
LF:3
LH:3
BRF:0
BRH:0
end_of_record
TN:
SF:src/GetOrder.ts
FN:5,(anonymous_8)
FN:7,(anonymous_9)
FNF:2
FNH:2
FNDA:12,(anonymous_8)
FNDA:2,(anonymous_9)
DA:2,1
DA:4,1
DA:5,12
DA:8,2
DA:9,2
LF:5
LH:5
BRDA:5,0,0,0
BRF:1
BRH:0
end_of_record
TN:
SF:src/OrderRepositoryDatabase.ts
FN:8,(anonymous_7)
FN:16,(anonymous_9)
FN:25,(anonymous_11)
FN:38,(anonymous_12)
FN:42,(anonymous_14)
FNF:5
FNH:5
FNDA:2,(anonymous_7)
FNDA:9,(anonymous_9)
FNDA:23,(anonymous_11)
FNDA:1,(anonymous_12)
FNDA:9,(anonymous_14)
DA:1,1
DA:4,1
DA:6,1
DA:9,2
DA:17,9
DA:25,23
DA:39,1
DA:43,9
LF:8
LH:8
BRDA:23,0,0,9
BRDA:23,0,1,0
BRF:2
BRH:1
end_of_record
TN:
SF:src/Product.ts
FN:3,(anonymous_0)
FN:14,(anonymous_1)
FN:18,(anonymous_2)
FNF:3
FNH:3
FNDA:69,(anonymous_0)
FNDA:18,(anonymous_1)
FNDA:9,(anonymous_2)
DA:1,4
DA:4,69
DA:5,69
DA:6,69
DA:7,69
DA:8,69
DA:9,69
DA:10,69
DA:15,18
DA:19,9
LF:10
LH:10
BRF:0
BRH:0
end_of_record
TN:
SF:src/ProductRepositoryDatabase.ts
FN:7,(anonymous_8)
FNF:1
FNH:1
FNDA:3,(anonymous_8)
DA:1,2
DA:3,2
DA:4,2
DA:6,2
DA:8,3
DA:14,3
LF:6
LH:6
BRF:0
BRH:0
end_of_record
TN:
SF:src/SimulateFreight.ts
FN:5,(anonymous_8)
FN:7,(anonymous_9)
FNF:2
FNH:2
FNDA:1,(anonymous_8)
FNDA:1,(anonymous_9)
DA:1,1
DA:4,1
DA:5,1
DA:8,1
DA:11,1
DA:12,3
DA:13,3
DA:14,3
DA:15,3
DA:18,1
LF:10
LH:10
BRDA:12,0,0,3
BRDA:12,1,0,3
BRDA:12,1,1,3
BRF:3
BRH:3
end_of_record
TN:
SF:src/ValidateCoupon.ts
FN:5,(anonymous_8)
FN:7,(anonymous_9)
FNF:2
FNH:2
FNDA:2,(anonymous_8)
FNDA:2,(anonymous_9)
DA:2,1
DA:4,1
DA:5,2
DA:8,2
DA:11,2
DA:12,2
DA:13,2
DA:14,2
LF:8
LH:8
BRDA:5,0,0,0
BRDA:13,1,0,2
BRDA:13,1,1,2
BRF:3
BRH:2
end_of_record
TN:
SF:src/validateCpf.ts
FN:1,isValidLength
FN:5,allDigitsTheSame
FN:6,(anonymous_2)
FN:9,removeNonDigits
FN:13,calculateDigit
FN:22,validate
FNF:6
FNH:6
FNDA:22,isValidLength
FNDA:20,allDigitsTheSame
FNDA:67,(anonymous_2)
FNDA:22,removeNonDigits
FNDA:34,calculateDigit
FNDA:22,validate
DA:2,22
DA:6,67
DA:10,22
DA:14,34
DA:15,34
DA:16,374
DA:18,34
DA:19,34
DA:22,2
DA:23,22
DA:24,22
DA:25,20
DA:26,17
DA:27,17
DA:28,17
DA:29,17
DA:30,17
LF:17
LH:17
BRDA:16,0,0,323
BRDA:19,1,0,5
BRDA:19,1,1,29
BRDA:24,2,0,2
BRDA:25,3,0,3
BRF:5
BRH:5
end_of_record
